2022-05-10 18:52:42,448 - freqtrade.loggers - INFO - Verbosity set to 0
2022-05-10 18:52:42,450 - freqtrade.configuration.configuration - INFO - Runmode set to dry_run.
2022-05-10 18:52:42,451 - freqtrade.configuration.configuration - INFO - Parameter --db-url detected ...
2022-05-10 18:52:42,453 - freqtrade.configuration.configuration - INFO - Dry run is enabled
2022-05-10 18:52:42,454 - freqtrade.configuration.configuration - INFO - Using DB: "sqlite:////freqtrade/user_data/tradesv3.sqlite"
2022-05-10 18:52:42,456 - freqtrade.configuration.configuration - INFO - Using max_open_trades: 3 ...
2022-05-10 18:52:42,526 - freqtrade.configuration.configuration - INFO - Using user-data directory: /freqtrade/user_data ...
2022-05-10 18:52:42,527 - freqtrade.configuration.configuration - INFO - Using data directory: /freqtrade/user_data/data/kraken ...
2022-05-10 18:52:42,529 - freqtrade.configuration.check_exchange - INFO - Checking exchange...
2022-05-10 18:52:42,532 - freqtrade.configuration.check_exchange - INFO - Exchange "kraken" is officially supported by the Freqtrade development team.
2022-05-10 18:52:42,534 - freqtrade.configuration.configuration - INFO - Using pairlist from configuration.
2022-05-10 18:52:42,536 - freqtrade.freqtradebot - INFO - Starting freqtrade 2022.4.2
2022-05-10 18:52:42,574 - freqtrade.resolvers.iresolver - INFO - Using resolved strategy SampleStrategy from '/freqtrade/user_data/strategies/sample_strategy.py'...
2022-05-10 18:52:42,578 - freqtrade.strategy.hyper - INFO - Found no parameter file.
2022-05-10 18:52:42,579 - freqtrade.strategy.hyper - INFO - No params for buy found, using default values.
2022-05-10 18:52:42,581 - freqtrade.strategy.hyper - INFO - Strategy Parameter(default): buy_rsi = 30
2022-05-10 18:52:42,582 - freqtrade.strategy.hyper - INFO - Strategy Parameter(default): exit_short_rsi = 30
2022-05-10 18:52:42,584 - freqtrade.strategy.hyper - INFO - No params for sell found, using default values.
2022-05-10 18:52:42,585 - freqtrade.strategy.hyper - INFO - Strategy Parameter(default): sell_rsi = 70
2022-05-10 18:52:42,586 - freqtrade.strategy.hyper - INFO - Strategy Parameter(default): short_rsi = 70
2022-05-10 18:52:42,588 - freqtrade.strategy.hyper - INFO - No params for protection found, using default values.
2022-05-10 18:52:42,590 - freqtrade.resolvers.strategy_resolver - INFO - Override strategy 'stake_currency' with value in config file: USDT.
2022-05-10 18:52:42,591 - freqtrade.resolvers.strategy_resolver - INFO - Override strategy 'stake_amount' with value in config file: 100.
2022-05-10 18:52:42,593 - freqtrade.resolvers.strategy_resolver - INFO - Override strategy 'unfilledtimeout' with value in config file: {'entry': 10, 'exit': 10, 'exit_timeout_count': 0, 'unit': 'minutes'}.
2022-05-10 18:52:42,595 - freqtrade.resolvers.strategy_resolver - INFO - Strategy using minimal_roi: {'60': 0.01, '30': 0.02, '0': 0.04}
2022-05-10 18:52:42,596 - freqtrade.resolvers.strategy_resolver - INFO - Strategy using timeframe: 5m
2022-05-10 18:52:42,597 - freqtrade.resolvers.strategy_resolver - INFO - Strategy using stoploss: -0.1
2022-05-10 18:52:42,599 - freqtrade.resolvers.strategy_resolver - INFO - Strategy using trailing_stop: False
2022-05-10 18:52:42,600 - freqtrade.resolvers.strategy_resolver - INFO - Strategy using trailing_stop_positive_offset: 0.0
2022-05-10 18:52:42,602 - freqtrade.resolvers.strategy_resolver - INFO - Strategy using trailing_only_offset_is_reached: False
2022-05-10 18:52:42,604 - freqtrade.resolvers.strategy_resolver - INFO - Strategy using use_custom_stoploss: False
2022-05-10 18:52:42,605 - freqtrade.resolvers.strategy_resolver - INFO - Strategy using process_only_new_candles: False
2022-05-10 18:52:42,606 - freqtrade.resolvers.strategy_resolver - INFO - Strategy using order_types: {'entry': 'limit', 'exit': 'limit', 'stoploss': 'market', 'stoploss_on_exchange': False}
2022-05-10 18:52:42,608 - freqtrade.resolvers.strategy_resolver - INFO - Strategy using order_time_in_force: {'entry': 'gtc', 'exit': 'gtc'}
2022-05-10 18:52:42,609 - freqtrade.resolvers.strategy_resolver - INFO - Strategy using stake_currency: USDT
2022-05-10 18:52:42,611 - freqtrade.resolvers.strategy_resolver - INFO - Strategy using stake_amount: 100
2022-05-10 18:52:42,613 - freqtrade.resolvers.strategy_resolver - INFO - Strategy using protections: []
2022-05-10 18:52:42,614 - freqtrade.resolvers.strategy_resolver - INFO - Strategy using startup_candle_count: 30
2022-05-10 18:52:42,615 - freqtrade.resolvers.strategy_resolver - INFO - Strategy using unfilledtimeout: {'entry': 10, 'exit': 10, 'exit_timeout_count': 0, 'unit': 'minutes'}
2022-05-10 18:52:42,617 - freqtrade.resolvers.strategy_resolver - INFO - Strategy using use_exit_signal: True
2022-05-10 18:52:42,621 - freqtrade.resolvers.strategy_resolver - INFO - Strategy using exit_profit_only: False
2022-05-10 18:52:42,622 - freqtrade.resolvers.strategy_resolver - INFO - Strategy using ignore_roi_if_entry_signal: False
2022-05-10 18:52:42,624 - freqtrade.resolvers.strategy_resolver - INFO - Strategy using exit_profit_offset: 0.0
2022-05-10 18:52:42,627 - freqtrade.resolvers.strategy_resolver - INFO - Strategy using disable_dataframe_checks: False
2022-05-10 18:52:42,629 - freqtrade.resolvers.strategy_resolver - INFO - Strategy using ignore_buying_expired_candle_after: 0
2022-05-10 18:52:42,631 - freqtrade.resolvers.strategy_resolver - INFO - Strategy using position_adjustment_enable: False
2022-05-10 18:52:42,632 - freqtrade.resolvers.strategy_resolver - INFO - Strategy using max_entry_position_adjustment: -1
2022-05-10 18:52:42,635 - freqtrade.configuration.config_validation - INFO - Validating configuration ...
2022-05-10 18:52:42,638 - freqtrade.exchange.exchange - INFO - Instance is running with dry_run enabled
2022-05-10 18:52:42,640 - freqtrade.exchange.exchange - INFO - Using CCXT 1.80.61
2022-05-10 18:52:42,642 - freqtrade.exchange.exchange - INFO - Applying additional ccxt config: {'enableRateLimit': True}
2022-05-10 18:52:42,644 - freqtrade.exchange.exchange - INFO - Applying additional ccxt config: {'enableRateLimit': True, 'rateLimit': 1000}
2022-05-10 18:52:42,646 - freqtrade.exchange.exchange - INFO - Using Exchange "Kraken"
2022-05-10 18:52:47,244 - freqtrade.resolvers.exchange_resolver - INFO - Using resolved exchange 'Kraken'...
2022-05-10 18:52:47,564 - freqtrade.wallets - INFO - Wallets synced.
2022-05-10 18:52:47,566 - freqtrade.plugins.protectionmanager - INFO - No protection Handlers defined.
2022-05-10 18:52:47,917 - freqtrade.rpc.rpc_manager - INFO - Enabling rpc.telegram ...
2022-05-10 18:52:48,068 - apscheduler.scheduler - INFO - Scheduler started
2022-05-10 18:52:48,322 - freqtrade.rpc.telegram - INFO - rpc.telegram is listening for following commands: [['status'], ['profit'], ['balance'], ['start'], ['stop'], ['forcesell', 'forceexit', 'fx'], ['forcebuy', 'forcelong'], ['forceshort'], ['trades'], ['delete'], ['performance'], ['buys', 'entries'], ['sells', 'exits'], ['mix_tags'], ['stats'], ['daily'], ['weekly'], ['monthly'], ['count'], ['locks'], ['unlock', 'delete_locks'], ['reload_config', 'reload_conf'], ['show_config', 'show_conf'], ['stopbuy'], ['whitelist'], ['blacklist'], ['blacklist_delete', 'bl_delete'], ['logs'], ['edge'], ['health'], ['help'], ['version']]
2022-05-10 18:52:48,325 - freqtrade.rpc.rpc_manager - INFO - Enabling rpc.api_server
2022-05-10 18:52:48,632 - freqtrade.rpc.api_server.webserver - INFO - Starting HTTP Server at 0.0.0.0:8080
2022-05-10 18:52:48,637 - freqtrade.rpc.api_server.webserver - WARNING - SECURITY WARNING - Local Rest Server listening to external connections
2022-05-10 18:52:48,639 - freqtrade.rpc.api_server.webserver - WARNING - SECURITY WARNING - This is insecure please set to your loopback,e.g 127.0.0.1 in config.json
2022-05-10 18:52:48,641 - freqtrade.rpc.api_server.webserver - INFO - Starting Local Rest Server.
2022-05-10 18:52:48,663 - uvicorn.error - INFO - Started server process [1]
2022-05-10 18:52:48,665 - uvicorn.error - INFO - Waiting for application startup.
2022-05-10 18:52:48,667 - uvicorn.error - INFO - Application startup complete.
2022-05-10 18:52:48,670 - uvicorn.error - INFO - Uvicorn running on http://0.0.0.0:8080 (Press CTRL+C to quit)
2022-05-10 18:52:48,678 - freqtrade.resolvers.iresolver - INFO - Using resolved pairlist VolumePairList from '/freqtrade/freqtrade/plugins/pairlist/VolumePairList.py'...
2022-05-10 18:52:48,927 - VolumePairList - INFO - Searching 20 pairs: ['USDC/USDT', 'UST/USDT', 'BTC/USDT', 'ETH/USDT', 'DOT/USDT', 'ADA/USDT', 'XRP/USDT', 'DOGE/USDT', 'DAI/USDT', 'LTC/USDT', 'LINK/USDT', 'EOS/USDT', 'BCH/USDT']
2022-05-10 18:52:48,930 - freqtrade.rpc.rpc_manager - INFO - Sending rpc message: {'type': status, 'status': 'running'}
2022-05-10 18:52:49,125 - freqtrade.worker - INFO - Changing state to: RUNNING
2022-05-10 18:52:49,128 - freqtrade.rpc.rpc_manager - INFO - Sending rpc message: {'type': warning, 'status': 'Dry run is enabled. All trades are simulated.'}
2022-05-10 18:52:49,207 - freqtrade.rpc.rpc_manager - INFO - Sending rpc message: {'type': startup, 'status': "*Exchange:* `kraken`\n*Stake per trade:* `100 USDT`\n*Minimum ROI:* `{'60': 0.01, '30': 0.02, '0': 0.04}`\n*Stoploss:* `-0.1`\n*Position adjustment:* `Off`\n*Timeframe:* `5m`\n*Strategy:* `SampleStrategy`"}
2022-05-10 18:52:49,306 - freqtrade.rpc.rpc_manager - INFO - Sending rpc message: {'type': startup, 'status': "Searching for USDT pairs to buy and sell based on [{'VolumePairList': 'VolumePairList - top 20 volume pairs.'}]"}
2022-05-10 18:53:03,994 - freqtrade.worker - INFO - Bot heartbeat. PID=1, version='2022.4.2', state='RUNNING'
2022-05-10 18:54:04,070 - freqtrade.worker - INFO - Bot heartbeat. PID=1, version='2022.4.2', state='RUNNING'
2022-05-10 18:55:04,174 - freqtrade.worker - INFO - Bot heartbeat. PID=1, version='2022.4.2', state='RUNNING'
